2025-10-09 00:11:47.130 | INFO    | aiogram.dispatcher.dispatcher:start_polling:527 - Start polling
2025-10-09 00:11:47.182 | INFO    | aiogram.dispatcher.dispatcher:_polling:341 - Run polling for bot @lashfkjasfjk_bot id=7920918630 - 'Test bot 2'
2025-10-09 00:11:51.357 | INFO    | middlewares.logging:__call__:19 - msg from=6956440009 (@makker_o) name=МайкВазовский text='/start'
2025-10-09 00:11:51.359 | INFO    | handlers.start:cmd_start:21 - 6956440009 - makker_o уже есть в базе данных
2025-10-09 00:11:51.649 | INFO    | aiogram.dispatcher.dispatcher:feed_update:172 - Update id=863366805 is handled. Duration 280 ms by bot id=7920918630
2025-10-09 00:11:52.970 | INFO    | aiogram.dispatcher.dispatcher:feed_update:172 - Update id=863366806 is handled. Duration 186 ms by bot id=7920918630
2025-10-09 00:11:54.435 | INFO    | aiogram.dispatcher.dispatcher:feed_update:172 - Update id=863366807 is handled. Duration 203 ms by bot id=7920918630
2025-10-09 00:11:55.994 | INFO    | aiogram.dispatcher.dispatcher:feed_update:172 - Update id=863366808 is handled. Duration 344 ms by bot id=7920918630
2025-10-09 00:11:57.542 | INFO    | middlewares.logging:__call__:19 - msg from=6956440009 (@makker_o) name=МайкВазовский text='2'
2025-10-09 00:11:58.283 | INFO    | aiogram.dispatcher.dispatcher:feed_update:172 - Update id=863366809 is handled. Duration 750 ms by bot id=7920918630
2025-10-09 00:12:17.990 | INFO    | middlewares.logging:__call__:19 - msg from=6956440009 (@makker_o) name=МайкВазовский text='/admin_ping'
2025-10-09 00:12:18.188 | INFO    | aiogram.dispatcher.dispatcher:feed_update:172 - Update id=863366810 is handled. Duration 203 ms by bot id=7920918630
2025-10-09 00:12:19.464 | INFO    | middlewares.logging:__call__:19 - msg from=6956440009 (@makker_o) name=МайкВазовский text='/start'
2025-10-09 00:12:19.465 | INFO    | handlers.start:cmd_start:21 - 6956440009 - makker_o уже есть в базе данных
2025-10-09 00:12:19.644 | INFO    | aiogram.dispatcher.dispatcher:feed_update:172 - Update id=863366811 is handled. Duration 187 ms by bot id=7920918630
2025-10-09 00:24:19.933 | INFO    | middlewares.logging:__call__:19 - msg from=6956440009 (@makker_o) name=МайкВазовский text='/start'
2025-10-09 00:24:19.975 | INFO    | handlers.start:cmd_start:21 - 6956440009 - makker_o уже есть в базе данных
2025-10-09 00:24:20.160 | INFO    | aiogram.dispatcher.dispatcher:feed_update:172 - Update id=863366812 is handled. Duration 235 ms by bot id=7920918630
2025-10-09 00:24:21.345 | INFO    | aiogram.dispatcher.dispatcher:feed_update:172 - Update id=863366813 is handled. Duration 186 ms by bot id=7920918630
2025-10-09 00:24:22.929 | INFO    | aiogram.dispatcher.dispatcher:feed_update:172 - Update id=863366814 is handled. Duration 171 ms by bot id=7920918630
2025-10-09 00:24:23.942 | INFO    | aiogram.dispatcher.dispatcher:feed_update:172 - Update id=863366815 is handled. Duration 188 ms by bot id=7920918630
2025-10-09 00:24:24.749 | INFO    | aiogram.dispatcher.dispatcher:feed_update:172 - Update id=863366816 is handled. Duration 250 ms by bot id=7920918630
2025-10-09 00:24:25.891 | INFO    | aiogram.dispatcher.dispatcher:feed_update:172 - Update id=863366817 is handled. Duration 187 ms by bot id=7920918630
2025-10-09 00:24:26.718 | INFO    | aiogram.dispatcher.dispatcher:feed_update:172 - Update id=863366818 is handled. Duration 186 ms by bot id=7920918630
2025-10-09 00:24:27.569 | INFO    | aiogram.dispatcher.dispatcher:feed_update:172 - Update id=863366819 is handled. Duration 219 ms by bot id=7920918630
2025-10-09 00:24:28.862 | INFO    | aiogram.dispatcher.dispatcher:feed_update:172 - Update id=863366820 is handled. Duration 188 ms by bot id=7920918630
2025-10-09 00:24:29.817 | INFO    | aiogram.dispatcher.dispatcher:feed_update:172 - Update id=863366821 is handled. Duration 188 ms by bot id=7920918630
2025-10-09 00:24:30.608 | INFO    | aiogram.dispatcher.dispatcher:feed_update:172 - Update id=863366822 is handled. Duration 188 ms by bot id=7920918630
2025-10-09 00:41:53.985 | INFO    | aiogram.dispatcher.dispatcher:feed_update:172 - Update id=863366823 is handled. Duration 360 ms by bot id=7920918630
2025-10-09 00:41:55.322 | INFO    | aiogram.dispatcher.dispatcher:feed_update:172 - Update id=863366824 is handled. Duration 172 ms by bot id=7920918630
2025-10-09 01:01:25.887 | INFO    | aiogram.dispatcher.dispatcher:_polling:359 - Polling stopped for bot @lashfkjasfjk_bot id=7920918630 - 'Test bot 2'
2025-10-09 01:01:25.887 | INFO    | aiogram.dispatcher.dispatcher:start_polling:554 - Polling stopped
2025-10-09 01:01:53.031 | INFO    | aiogram.dispatcher.dispatcher:start_polling:527 - Start polling
2025-10-09 01:01:53.081 | INFO    | aiogram.dispatcher.dispatcher:_polling:341 - Run polling for bot @lashfkjasfjk_bot id=7920918630 - 'Test bot 2'
2025-10-09 01:01:53.140 | INFO    | middlewares.logging:__call__:19 - msg from=6956440009 (@makker_o) name=МайкВазовский text='/start'
2025-10-09 01:01:53.141 | INFO    | handlers.start:cmd_start:21 - 6956440009 - makker_o уже есть в базе данных
2025-10-09 01:01:53.428 | INFO    | aiogram.dispatcher.dispatcher:feed_update:172 - Update id=863366825 is handled. Duration 281 ms by bot id=7920918630
2025-10-09 01:01:55.569 | INFO    | aiogram.dispatcher.dispatcher:feed_update:172 - Update id=863366826 is not handled. Duration 16 ms by bot id=7920918630
2025-10-09 01:01:55.569 | ERROR   | logging:exception:1503 - Cause exception while process update id=863366826 by bot id=7920918630
UndefinedTableError: отношение "public.subscriptions" не существует
Traceback (most recent call last):
  File "C:\Users\USER\AppData\Local\Programs\Python\Python310\lib\site-packages\aiogram\dispatcher\dispatcher.py", line 309, in _process_update
    response = await self.feed_update(bot, update, **kwargs)
  File "C:\Users\USER\AppData\Local\Programs\Python\Python310\lib\site-packages\aiogram\dispatcher\dispatcher.py", line 158, in feed_update
    response = await self.update.wrap_outer_middleware(
  File "C:\Users\USER\AppData\Local\Programs\Python\Python310\lib\site-packages\aiogram\dispatcher\middlewares\error.py", line 25, in __call__
    return await handler(event, data)
  File "C:\Users\USER\AppData\Local\Programs\Python\Python310\lib\site-packages\aiogram\dispatcher\middlewares\user_context.py", line 27, in __call__
    return await handler(event, data)
  File "C:\Users\USER\AppData\Local\Programs\Python\Python310\lib\site-packages\aiogram\fsm\middleware.py", line 41, in __call__
    return await handler(event, data)
  File "C:\Users\USER\AppData\Local\Programs\Python\Python310\lib\site-packages\aiogram\dispatcher\event\telegram.py", line 121, in trigger
    return await wrapped_inner(event, kwargs)
  File "C:\Users\USER\AppData\Local\Programs\Python\Python310\lib\site-packages\aiogram\dispatcher\event\handler.py", line 43, in call
    return await wrapped()
  File "C:\Users\USER\AppData\Local\Programs\Python\Python310\lib\site-packages\aiogram\dispatcher\dispatcher.py", line 276, in _listen_update
    return await self.propagate_event(update_type=update_type, event=event, **kwargs)
  File "C:\Users\USER\AppData\Local\Programs\Python\Python310\lib\site-packages\aiogram\dispatcher\router.py", line 128, in propagate_event
    return await observer.wrap_outer_middleware(_wrapped, event=event, data=kwargs)
  File "C:\Users\USER\AppData\Local\Programs\Python\Python310\lib\site-packages\aiogram\dispatcher\router.py", line 123, in _wrapped
    return await self._propagate_event(
  File "C:\Users\USER\AppData\Local\Programs\Python\Python310\lib\site-packages\aiogram\dispatcher\router.py", line 156, in _propagate_event
    response = await router.propagate_event(update_type=update_type, event=event, **kwargs)
  File "C:\Users\USER\AppData\Local\Programs\Python\Python310\lib\site-packages\aiogram\dispatcher\router.py", line 128, in propagate_event
    return await observer.wrap_outer_middleware(_wrapped, event=event, data=kwargs)
  File "C:\Users\USER\AppData\Local\Programs\Python\Python310\lib\site-packages\aiogram\dispatcher\router.py", line 123, in _wrapped
    return await self._propagate_event(
  File "C:\Users\USER\AppData\Local\Programs\Python\Python310\lib\site-packages\aiogram\dispatcher\router.py", line 148, in _propagate_event
    response = await observer.trigger(event, **kwargs)
  File "C:\Users\USER\AppData\Local\Programs\Python\Python310\lib\site-packages\aiogram\dispatcher\event\telegram.py", line 121, in trigger
    return await wrapped_inner(event, kwargs)
  File "C:\Users\USER\AppData\Local\Programs\Python\Python310\lib\site-packages\aiogram\dispatcher\event\handler.py", line 43, in call
    return await wrapped()
  File "C:\Users\USER\BotUnik\handlers\User\videoprcesing.py", line 21, in videoprcess_cb
    if await db.has_subscription(user_id) == False:
  File "C:\Users\USER\BotUnik\database\user.py", line 264, in has_subscription
    result = await conn.fetchrow(query, user_id)
  File "C:\Users\USER\AppData\Local\Programs\Python\Python310\lib\site-packages\asyncpg\connection.py", line 749, in fetchrow
    data = await self._execute(
  File "C:\Users\USER\AppData\Local\Programs\Python\Python310\lib\site-packages\asyncpg\connection.py", line 1794, in _execute
    result, _ = await self.__execute(
  File "C:\Users\USER\AppData\Local\Programs\Python\Python310\lib\site-packages\asyncpg\connection.py", line 1892, in __execute
    result, stmt = await self._do_execute(
  File "C:\Users\USER\AppData\Local\Programs\Python\Python310\lib\site-packages\asyncpg\connection.py", line 1925, in _do_execute
    stmt = await self._get_statement(
  File "C:\Users\USER\AppData\Local\Programs\Python\Python310\lib\site-packages\asyncpg\connection.py", line 433, in _get_statement
    statement = await self._protocol.prepare(
  File "asyncpg\protocol\protocol.pyx", line 166, in prepare
    return await waiter
asyncpg.exceptions.UndefinedTableError: отношение "public.subscriptions" не существует
2025-10-09 01:02:04.944 | INFO    | aiogram.dispatcher.dispatcher:_polling:359 - Polling stopped for bot @lashfkjasfjk_bot id=7920918630 - 'Test bot 2'
2025-10-09 01:02:04.944 | INFO    | aiogram.dispatcher.dispatcher:start_polling:554 - Polling stopped
2025-10-09 01:02:32.066 | INFO    | aiogram.dispatcher.dispatcher:start_polling:527 - Start polling
2025-10-09 01:02:32.114 | INFO    | aiogram.dispatcher.dispatcher:_polling:341 - Run polling for bot @lashfkjasfjk_bot id=7920918630 - 'Test bot 2'
2025-10-09 01:02:34.675 | INFO    | middlewares.logging:__call__:19 - msg from=6956440009 (@makker_o) name=МайкВазовский text='/start'
2025-10-09 01:02:34.676 | INFO    | handlers.start:cmd_start:21 - 6956440009 - makker_o уже есть в базе данных
2025-10-09 01:02:34.957 | INFO    | aiogram.dispatcher.dispatcher:feed_update:172 - Update id=863366827 is handled. Duration 281 ms by bot id=7920918630
2025-10-09 01:02:35.889 | INFO    | aiogram.dispatcher.dispatcher:feed_update:172 - Update id=863366828 is handled. Duration 265 ms by bot id=7920918630
2025-10-09 01:02:49.289 | INFO    | aiogram.dispatcher.dispatcher:start_polling:554 - Polling stopped
2025-10-09 01:02:49.290 | INFO    | aiogram.dispatcher.dispatcher:_polling:359 - Polling stopped for bot @lashfkjasfjk_bot id=7920918630 - 'Test bot 2'
